<?xml version="1.0" encoding="UTF-8"?>
<testng-results total="2" passed="2" failed="0" skipped="0">
  <reporter-output>
  </reporter-output>
  <suite started-at="2020-11-27T11:23:53Z" name="Suite" finished-at="2020-11-27T11:25:04Z" duration-ms="70853">
    <groups>
    </groups>
    <test started-at="2020-11-27T11:23:53Z" name="Test" finished-at="2020-11-27T11:25:04Z" duration-ms="70853">
      <class name="testcases.Logintestcase">
        <test-method signature="LoginPage()[pri:0, instance:testcases.Logintestcase@6cfd08e9]" started-at="2020-11-27T16:54:47Z" name="LoginPage" finished-at="2020-11-27T16:55:02Z" duration-ms="15475" status="PASS">
          <reporter-output>
          </reporter-output>
        </test-method> <!-- LoginPage -->
        <test-method is-config="true" signature="teardown()[pri:0, instance:testcases.Logintestcase@6cfd08e9]" started-at="2020-11-27T16:55:02Z" name="teardown" finished-at="2020-11-27T16:55:04Z" duration-ms="2228" status="PASS">
          <reporter-output>
          </reporter-output>
        </test-method> <!-- teardown -->
      </class> <!-- testcases.Logintestcase -->
      <class name="testcases.Hometestcase">
        <test-method is-config="true" signature="initialize()[pri:0, instance:testcases.Hometestcase@4a6facb0]" started-at="2020-11-27T16:53:53Z" name="initialize" finished-at="2020-11-27T16:54:23Z" duration-ms="29138" status="PASS">
          <reporter-output>
          </reporter-output>
        </test-method> <!-- initialize -->
        <test-method is-config="true" signature="initialize()[pri:0, instance:testcases.Logintestcase@6cfd08e9]" started-at="2020-11-27T16:54:23Z" name="initialize" finished-at="2020-11-27T16:54:45Z" duration-ms="22779" status="PASS">
          <reporter-output>
          </reporter-output>
        </test-method> <!-- initialize -->
        <test-method signature="LandingPage()[pri:0, instance:testcases.Hometestcase@4a6facb0]" started-at="2020-11-27T16:54:45Z" name="LandingPage" finished-at="2020-11-27T16:54:47Z" duration-ms="1120" status="PASS">
          <reporter-output>
          </reporter-output>
        </test-method> <!-- LandingPage -->
      </class> <!-- testcases.Hometestcase -->
    </test> <!-- Test -->
  </suite> <!-- Suite -->
</testng-results>
